# JRE version: Java(TM) SE Runtime Environment (8.0_101-b13) (build 1.8.0_101-b13)
# Java VM: Java HotSpot(TM) 64-Bit Server VM (25.101-b13 mixed mode windows-amd64 compressed oops)
Heap:
 PSYoungGen      total 343552K, used 49865K [0x00000000e0000000, 0x00000000f8580000, 0x0000000100000000)
  eden space 325632K, 9% used [0x00000000e0000000,0x00000000e1f34e30,0x00000000f3e00000)
  from space 17920K, 99% used [0x00000000f5980000,0x00000000f6afd978,0x00000000f6b00000)
  to   space 28160K, 0% used [0x00000000f3e00000,0x00000000f3e00000,0x00000000f5980000)
 ParOldGen       total 252416K, used 34441K [0x00000000a0000000, 0x00000000af680000, 0x00000000e0000000)
  object space 252416K, 13% used [0x00000000a0000000,0x00000000a21a2508,0x00000000af680000)
 Metaspace       used 53594K, capacity 55568K, committed 55680K, reserved 1097728K
  class space    used 7458K, capacity 7954K, committed 8064K, reserved 1048576K
GC Heap History (10 events):
Event: 6.568 GC heap before
{Heap before GC invocations=4 (full 1):
 PSYoungGen      total 152576K, used 131072K [0x00000000e0000000, 0x00000000f2a00000, 0x0000000100000000)
  eden space 131072K, 100% used [0x00000000e0000000,0x00000000e8000000,0x00000000e8000000)
  from space 21504K, 0% used [0x00000000e9500000,0x00000000e9500000,0x00000000eaa00000)
  to   space 21504K, 0% used [0x00000000e8000000,0x00000000e8000000,0x00000000e9500000)
 ParOldGen       total 167936K, used 8771K [0x00000000a0000000, 0x00000000aa400000, 0x00000000e0000000)
  object space 167936K, 5% used [0x00000000a0000000,0x00000000a0890ef0,0x00000000aa400000)
 Metaspace       used 28606K, capacity 29358K, committed 29568K, reserved 1075200K
  class space    used 4014K, capacity 4195K, committed 4224K, reserved 1048576K
Event: 6.575 GC heap after
Heap after GC invocations=4 (full 1):
 PSYoungGen      total 152576K, used 11407K [0x00000000e0000000, 0x00000000f0900000, 0x0000000100000000)
  eden space 131072K, 0% used [0x00000000e0000000,0x00000000e0000000,0x00000000e8000000)
  from space 21504K, 53% used [0x00000000e8000000,0x00000000e8b23c68,0x00000000e9500000)
  to   space 21504K, 0% used [0x00000000ef400000,0x00000000ef400000,0x00000000f0900000)
 ParOldGen       total 167936K, used 8787K [0x00000000a0000000, 0x00000000aa400000, 0x00000000e0000000)
  object space 167936K, 5% used [0x00000000a0000000,0x00000000a0894f08,0x00000000aa400000)
 Metaspace       used 28606K, capacity 29358K, committed 29568K, reserved 1075200K
  class space    used 4014K, capacity 4195K, committed 4224K, reserved 1048576K
}
Event: 8.134 GC heap before
{Heap before GC invocations=5 (full 1):
 PSYoungGen      total 152576K, used 130180K [0x00000000e0000000, 0x00000000f0900000, 0x0000000100000000)
  eden space 131072K, 90% used [0x00000000e0000000,0x00000000e73fd730,0x00000000e8000000)
  from space 21504K, 53% used [0x00000000e8000000,0x00000000e8b23c68,0x00000000e9500000)
  to   space 21504K, 0% used [0x00000000ef400000,0x00000000ef400000,0x00000000f0900000)
 ParOldGen       total 167936K, used 8787K [0x00000000a0000000, 0x00000000aa400000, 0x00000000e0000000)
  object space 167936K, 5% used [0x00000000a0000000,0x00000000a0894f08,0x00000000aa400000)
 Metaspace       used 34483K, capacity 35298K, committed 35456K, reserved 1079296K
  class space    used 4756K, capacity 4940K, committed 4992K, reserved 1048576K
Event: 8.143 GC heap after
Heap after GC invocations=5 (full 1):
 PSYoungGen      total 241664K, used 12172K [0x00000000e0000000, 0x00000000f0500000, 0x0000000100000000)
  eden space 224256K, 0% used [0x00000000e0000000,0x00000000e0000000,0x00000000edb00000)
  from space 17408K, 69% used [0x00000000ef400000,0x00000000effe3328,0x00000000f0500000)
  to   space 21504K, 0% used [0x00000000edb00000,0x00000000edb00000,0x00000000ef000000)
 ParOldGen       total 167936K, used 8795K [0x00000000a0000000, 0x00000000aa400000, 0x00000000e0000000)
  object space 167936K, 5% used [0x00000000a0000000,0x00000000a0896f08,0x00000000aa400000)
 Metaspace       used 34483K, capacity 35298K, committed 35456K, reserved 1079296K
  class space    used 4756K, capacity 4940K, committed 4992K, reserved 1048576K
}
Event: 8.143 GC heap before
{Heap before GC invocations=6 (full 2):
 PSYoungGen      total 241664K, used 12172K [0x00000000e0000000, 0x00000000f0500000, 0x0000000100000000)
  eden space 224256K, 0% used [0x00000000e0000000,0x00000000e0000000,0x00000000edb00000)
  from space 17408K, 69% used [0x00000000ef400000,0x00000000effe3328,0x00000000f0500000)
  to   space 21504K, 0% used [0x00000000edb00000,0x00000000edb00000,0x00000000ef000000)
 ParOldGen       total 167936K, used 8795K [0x00000000a0000000, 0x00000000aa400000, 0x00000000e0000000)
  object space 167936K, 5% used [0x00000000a0000000,0x00000000a0896f08,0x00000000aa400000)
 Metaspace       used 34483K, capacity 35298K, committed 35456K, reserved 1079296K
  class space    used 4756K, capacity 4940K, committed 4992K, reserved 1048576K
Event: 8.192 GC heap after
Heap after GC invocations=6 (full 2):
 PSYoungGen      total 241664K, used 0K [0x00000000e0000000, 0x00000000f0500000, 0x0000000100000000)
  eden space 224256K, 0% used [0x00000000e0000000,0x00000000e0000000,0x00000000edb00000)
  from space 17408K, 0% used [0x00000000ef400000,0x00000000ef400000,0x00000000f0500000)
  to   space 21504K, 0% used [0x00000000edb00000,0x00000000edb00000,0x00000000ef000000)
 ParOldGen       total 252416K, used 19670K [0x00000000a0000000, 0x00000000af680000, 0x00000000e0000000)
  object space 252416K, 7% used [0x00000000a0000000,0x00000000a1335bb0,0x00000000af680000)
 Metaspace       used 34483K, capacity 35298K, committed 35456K, reserved 1079296K
  class space    used 4756K, capacity 4940K, committed 4992K, reserved 1048576K
}
Event: 9.746 GC heap before
{Heap before GC invocations=7 (full 2):
 PSYoungGen      total 241664K, used 224256K [0x00000000e0000000, 0x00000000f0500000, 0x0000000100000000)
  eden space 224256K, 100% used [0x00000000e0000000,0x00000000edb00000,0x00000000edb00000)
  from space 17408K, 0% used [0x00000000ef400000,0x00000000ef400000,0x00000000f0500000)
  to   space 21504K, 0% used [0x00000000edb00000,0x00000000edb00000,0x00000000ef000000)
 ParOldGen       total 252416K, used 19670K [0x00000000a0000000, 0x00000000af680000, 0x00000000e0000000)
  object space 252416K, 7% used [0x00000000a0000000,0x00000000a1335bb0,0x00000000af680000)
 Metaspace       used 44014K, capacity 45098K, committed 45184K, reserved 1087488K
  class space    used 5974K, capacity 6228K, committed 6272K, reserved 1048576K
Event: 9.755 GC heap after
Heap after GC invocations=7 (full 2):
 PSYoungGen      total 245760K, used 16674K [0x00000000e0000000, 0x00000000f6b00000, 0x0000000100000000)
  eden space 224256K, 0% used [0x00000000e0000000,0x00000000e0000000,0x00000000edb00000)
  from space 21504K, 77% used [0x00000000edb00000,0x00000000eeb48a50,0x00000000ef000000)
  to   space 17920K, 0% used [0x00000000f5980000,0x00000000f5980000,0x00000000f6b00000)
 ParOldGen       total 252416K, used 19742K [0x00000000a0000000, 0x00000000af680000, 0x00000000e0000000)
  object space 252416K, 7% used [0x00000000a0000000,0x00000000a1347bc0,0x00000000af680000)
 Metaspace       used 44014K, capacity 45098K, committed 45184K, reserved 1087488K
  class space    used 5974K, capacity 6228K, committed 6272K, reserved 1048576K
}
Event: 11.092 GC heap before
{Heap before GC invocations=8 (full 2):
 PSYoungGen      total 245760K, used 240930K [0x00000000e0000000, 0x00000000f6b00000, 0x0000000100000000)
  eden space 224256K, 100% used [0x00000000e0000000,0x00000000edb00000,0x00000000edb00000)
  from space 21504K, 77% used [0x00000000edb00000,0x00000000eeb48a50,0x00000000ef000000)
  to   space 17920K, 0% used [0x00000000f5980000,0x00000000f5980000,0x00000000f6b00000)
 ParOldGen       total 252416K, used 19742K [0x00000000a0000000, 0x00000000af680000, 0x00000000e0000000)
  object space 252416K, 7% used [0x00000000a0000000,0x00000000a1347bc0,0x00000000af680000)
 Metaspace       used 52719K, capacity 54520K, committed 54656K, reserved 1095680K
  class space    used 7268K, capacity 7727K, committed 7808K, reserved 1048576K
Event: 11.115 GC heap after
Heap after GC invocations=8 (full 2):
 PSYoungGen      total 343552K, used 17910K [0x00000000e0000000, 0x00000000f8580000, 0x0000000100000000)
  eden space 325632K, 0% used [0x00000000e0000000,0x00000000e0000000,0x00000000f3e00000)
  from space 17920K, 99% used [0x00000000f5980000,0x00000000f6afd978,0x00000000f6b00000)
  to   space 28160K, 0% used [0x00000000f3e00000,0x00000000f3e00000,0x00000000f5980000)
 ParOldGen       total 252416K, used 34441K [0x00000000a0000000, 0x00000000af680000, 0x00000000e0000000)
  object space 252416K, 13% used [0x00000000a0000000,0x00000000a21a2508,0x00000000af680000)
 Metaspace       used 52719K, capacity 54520K, committed 54656K, reserved 1095680K
  class space    used 7268K, capacity 7727K, committed 7808K, reserved 1048576K
}

